/*C45*/SET SCHEMA PUBLIC
\u000d\u000a    drop table if exists Categoria CASCADE 
\u000d\u000a    drop table if exists Conta CASCADE 
\u000d\u000a    drop table if exists Movimentacao CASCADE 
\u000d\u000a    drop table if exists Movimentacao_Categoria CASCADE 
\u000d\u000a    create table Categoria (\u000d\u000a       id integer generated by default as identity (start with 1),\u000d\u000a        nome varchar(255),\u000d\u000a        primary key (id)\u000d\u000a    )
\u000d\u000a    create table Conta (\u000d\u000a       id integer generated by default as identity (start with 1),\u000d\u000a        agencia integer not null,\u000d\u000a        numero integer not null,\u000d\u000a        titular varchar(255),\u000d\u000a        primary key (id)\u000d\u000a    )
\u000d\u000a    create table Movimentacao (\u000d\u000a       id integer generated by default as identity (start with 1),\u000d\u000a        data timestamp,\u000d\u000a        descricao varchar(255),\u000d\u000a        tipo varchar(255),\u000d\u000a        valor numeric(19,2),\u000d\u000a        conta_id integer,\u000d\u000a        primary key (id)\u000d\u000a    )
\u000d\u000a    create table Movimentacao_Categoria (\u000d\u000a       Movimentacao_id integer not null,\u000d\u000a        categoria_id integer not null\u000d\u000a    )
\u000d\u000a    alter table Movimentacao \u000d\u000a       add constraint FKthcy44mjtg87orpl9a3nfso7b \u000d\u000a       foreign key (conta_id) \u000d\u000a       references Conta
\u000d\u000a    alter table Movimentacao_Categoria \u000d\u000a       add constraint FK9qjlgh7a96gx1ks359va1na9a \u000d\u000a       foreign key (categoria_id) \u000d\u000a       references Categoria
\u000d\u000a    alter table Movimentacao_Categoria \u000d\u000a       add constraint FK8c4hm7qt4jdk4xcglplf5dyy7 \u000d\u000a       foreign key (Movimentacao_id) \u000d\u000a       references Movimentacao
INSERT INTO CONTA VALUES(1,35,234567,'fulano')
INSERT INTO CONTA VALUES(2,132,123312,'Alguem')
COMMIT
DISCONNECT
/*C46*/SET SCHEMA PUBLIC
INSERT INTO CATEGORIA VALUES(1,'Contas')
INSERT INTO CATEGORIA VALUES(2,'Viagem')
INSERT INTO CATEGORIA VALUES(3,'Mensalidade')
INSERT INTO CATEGORIA VALUES(4,'Neg\u00f3cios')
INSERT INTO CATEGORIA VALUES(5,'Restaurante')
INSERT INTO MOVIMENTACAO VALUES(1,'2019-11-12 10:14:46.768000','Conta de luz - ABRIL/2019','SAIDA',135.00,1)
INSERT INTO MOVIMENTACAO VALUES(2,'2019-11-12 10:14:46.815000','Almoco no Restaurante - AGOSTO/2012','SAIDA',175.80,1)
INSERT INTO MOVIMENTACAO VALUES(3,'2019-11-12 10:14:46.815000','Aluguel - MAIO/2012','ENTRADA',680.00,1)
INSERT INTO MOVIMENTACAO_CATEGORIA VALUES(1,1)
INSERT INTO MOVIMENTACAO_CATEGORIA VALUES(2,5)
INSERT INTO MOVIMENTACAO_CATEGORIA VALUES(2,4)
INSERT INTO MOVIMENTACAO_CATEGORIA VALUES(3,3)
COMMIT
DISCONNECT
/*C47*/SET SCHEMA PUBLIC
\u000d\u000a    drop table if exists Categoria CASCADE 
\u000d\u000a    drop table if exists Conta CASCADE 
\u000d\u000a    drop table if exists Movimentacao CASCADE 
\u000d\u000a    drop table if exists Movimentacao_Categoria CASCADE 
\u000d\u000a    create table Categoria (\u000d\u000a       id integer generated by default as identity (start with 1),\u000d\u000a        nome varchar(255),\u000d\u000a        primary key (id)\u000d\u000a    )
\u000d\u000a    create table Conta (\u000d\u000a       id integer generated by default as identity (start with 1),\u000d\u000a        agencia integer not null,\u000d\u000a        numero integer not null,\u000d\u000a        titular varchar(255),\u000d\u000a        primary key (id)\u000d\u000a    )
\u000d\u000a    create table Movimentacao (\u000d\u000a       id integer generated by default as identity (start with 1),\u000d\u000a        data timestamp,\u000d\u000a        descricao varchar(255),\u000d\u000a        tipo varchar(255),\u000d\u000a        valor numeric(19,2),\u000d\u000a        conta_id integer,\u000d\u000a        primary key (id)\u000d\u000a    )
\u000d\u000a    create table Movimentacao_Categoria (\u000d\u000a       Movimentacao_id integer not null,\u000d\u000a        categoria_id integer not null\u000d\u000a    )
\u000d\u000a    alter table Movimentacao \u000d\u000a       add constraint FKthcy44mjtg87orpl9a3nfso7b \u000d\u000a       foreign key (conta_id) \u000d\u000a       references Conta
\u000d\u000a    alter table Movimentacao_Categoria \u000d\u000a       add constraint FK9qjlgh7a96gx1ks359va1na9a \u000d\u000a       foreign key (categoria_id) \u000d\u000a       references Categoria
\u000d\u000a    alter table Movimentacao_Categoria \u000d\u000a       add constraint FK8c4hm7qt4jdk4xcglplf5dyy7 \u000d\u000a       foreign key (Movimentacao_id) \u000d\u000a       references Movimentacao
INSERT INTO CONTA VALUES(1,35,234567,'fulano')
INSERT INTO CONTA VALUES(2,132,123312,'Alguem')
COMMIT
DISCONNECT
/*C48*/SET SCHEMA PUBLIC
INSERT INTO CATEGORIA VALUES(1,'Contas')
INSERT INTO CATEGORIA VALUES(2,'Viagem')
INSERT INTO CATEGORIA VALUES(3,'Mensalidade')
INSERT INTO CATEGORIA VALUES(4,'Neg\u00f3cios')
INSERT INTO CATEGORIA VALUES(5,'Restaurante')
INSERT INTO MOVIMENTACAO VALUES(1,'2019-11-12 10:22:00.299000','Conta de luz - ABRIL/2019','SAIDA',135.00,1)
INSERT INTO MOVIMENTACAO VALUES(2,'2019-11-12 10:22:00.315000','Almoco no Restaurante - AGOSTO/2012','SAIDA',175.80,1)
INSERT INTO MOVIMENTACAO VALUES(3,'2019-11-12 10:22:00.330000','Viagem - ABRIL/2020','SAIDA',135.00,2)
INSERT INTO MOVIMENTACAO VALUES(4,'2019-11-12 10:22:00.330000','Almoco no Restaurante - AGOSTO/2012','SAIDA',175.80,2)
INSERT INTO MOVIMENTACAO VALUES(5,'2019-11-12 10:22:00.330000','Aluguel - MAIO/2012','ENTRADA',680.00,2)
INSERT INTO MOVIMENTACAO_CATEGORIA VALUES(1,1)
INSERT INTO MOVIMENTACAO_CATEGORIA VALUES(2,5)
INSERT INTO MOVIMENTACAO_CATEGORIA VALUES(2,4)
INSERT INTO MOVIMENTACAO_CATEGORIA VALUES(3,2)
INSERT INTO MOVIMENTACAO_CATEGORIA VALUES(3,4)
INSERT INTO MOVIMENTACAO_CATEGORIA VALUES(4,5)
INSERT INTO MOVIMENTACAO_CATEGORIA VALUES(4,4)
INSERT INTO MOVIMENTACAO_CATEGORIA VALUES(5,3)
COMMIT
DISCONNECT
/*C44*/SET SCHEMA PUBLIC
DISCONNECT
/*C49*/SET SCHEMA PUBLIC
DISCONNECT
/*C51*/SET SCHEMA PUBLIC
DISCONNECT
/*C52*/SET SCHEMA PUBLIC
DISCONNECT
/*C53*/SET SCHEMA PUBLIC
DISCONNECT
/*C54*/SET SCHEMA PUBLIC
DISCONNECT
/*C55*/SET SCHEMA PUBLIC
INSERT INTO CONTA VALUES(3,35,234567,'Kleb\u00e3o')
INSERT INTO CONTA VALUES(4,231,4556,'Gustavo Bossolani')
COMMIT
DISCONNECT
/*C56*/SET SCHEMA PUBLIC
DISCONNECT
/*C57*/SET SCHEMA PUBLIC
DISCONNECT
/*C58*/SET SCHEMA PUBLIC
INSERT INTO CATEGORIA VALUES(8,'Estudo')
INSERT INTO CATEGORIA VALUES(9,'Hardware')
INSERT INTO MOVIMENTACAO VALUES(8,'2019-11-12 15:12:24.226000','Compra - Macbook Air PRO','SAIDA',4500.00,4)
INSERT INTO MOVIMENTACAO VALUES(9,'2019-11-12 15:12:24.258000','Viagem Canad\u00e1','SAIDA',8000.00,4)
INSERT INTO MOVIMENTACAO_CATEGORIA VALUES(8,8)
INSERT INTO MOVIMENTACAO_CATEGORIA VALUES(8,9)
INSERT INTO MOVIMENTACAO_CATEGORIA VALUES(8,2)
INSERT INTO MOVIMENTACAO_CATEGORIA VALUES(9,2)
COMMIT
DISCONNECT
/*C59*/SET SCHEMA PUBLIC
DISCONNECT
/*C60*/SET SCHEMA PUBLIC
DISCONNECT
/*C61*/SET SCHEMA PUBLIC
DISCONNECT
/*C62*/SET SCHEMA PUBLIC
DISCONNECT
/*C63*/SET SCHEMA PUBLIC
DISCONNECT
/*C64*/SET SCHEMA PUBLIC
DISCONNECT
/*C65*/SET SCHEMA PUBLIC
DISCONNECT
/*C66*/SET SCHEMA PUBLIC
DISCONNECT
/*C67*/SET SCHEMA PUBLIC
DISCONNECT
/*C68*/SET SCHEMA PUBLIC
INSERT INTO CATEGORIA VALUES(10,'Estudo')
INSERT INTO CATEGORIA VALUES(11,'Hardware')
INSERT INTO MOVIMENTACAO VALUES(10,'2019-11-12 16:30:23.825000','Compra - Macbook Air PRO','SAIDA',4500.00,4)
INSERT INTO MOVIMENTACAO VALUES(11,'2019-11-12 16:30:23.856000','Viagem Canad\u00e1','SAIDA',8000.00,4)
INSERT INTO MOVIMENTACAO_CATEGORIA VALUES(10,10)
INSERT INTO MOVIMENTACAO_CATEGORIA VALUES(10,11)
INSERT INTO MOVIMENTACAO_CATEGORIA VALUES(10,2)
INSERT INTO MOVIMENTACAO_CATEGORIA VALUES(11,2)
COMMIT
DISCONNECT
/*C70*/SET SCHEMA PUBLIC
INSERT INTO CATEGORIA VALUES(12,'Estudo')
INSERT INTO CATEGORIA VALUES(13,'Hardware')
INSERT INTO MOVIMENTACAO VALUES(12,'2019-11-12 16:31:23.767000','Compra - Macbook Air PRO','SAIDA',4500.00,4)
INSERT INTO MOVIMENTACAO VALUES(13,'2019-11-12 16:31:23.783000','Viagem Canad\u00e1','SAIDA',8000.00,4)
INSERT INTO MOVIMENTACAO_CATEGORIA VALUES(12,12)
INSERT INTO MOVIMENTACAO_CATEGORIA VALUES(12,13)
INSERT INTO MOVIMENTACAO_CATEGORIA VALUES(12,2)
INSERT INTO MOVIMENTACAO_CATEGORIA VALUES(13,2)
COMMIT
DISCONNECT
/*C71*/SET SCHEMA PUBLIC
DISCONNECT
/*C69*/SET SCHEMA PUBLIC
INSERT INTO CATEGORIA VALUES(14,'Estudo')
INSERT INTO CATEGORIA VALUES(15,'Hardware')
INSERT INTO MOVIMENTACAO VALUES(14,'2019-11-12 16:32:29.619000','Compra - Macbook Air PRO','SAIDA',4500.00,4)
INSERT INTO MOVIMENTACAO VALUES(15,'2019-11-12 16:32:29.666000','Viagem Canad\u00e1','SAIDA',8000.00,4)
INSERT INTO MOVIMENTACAO_CATEGORIA VALUES(14,14)
INSERT INTO MOVIMENTACAO_CATEGORIA VALUES(14,15)
INSERT INTO MOVIMENTACAO_CATEGORIA VALUES(14,2)
INSERT INTO MOVIMENTACAO_CATEGORIA VALUES(15,2)
COMMIT
DISCONNECT
/*C72*/SET SCHEMA PUBLIC
\u000d\u000a    drop table if exists Categoria CASCADE 
\u000d\u000a    drop table if exists Conta CASCADE 
\u000d\u000a    drop table if exists Movimentacao CASCADE 
\u000d\u000a    drop table if exists Movimentacao_Categoria CASCADE 
\u000d\u000a    create table Categoria (\u000d\u000a       id integer generated by default as identity (start with 1),\u000d\u000a        nome varchar(255),\u000d\u000a        primary key (id)\u000d\u000a    )
\u000d\u000a    create table Conta (\u000d\u000a       id integer generated by default as identity (start with 1),\u000d\u000a        agencia integer not null,\u000d\u000a        numero integer not null,\u000d\u000a        titular varchar(255),\u000d\u000a        primary key (id)\u000d\u000a    )
\u000d\u000a    create table Movimentacao (\u000d\u000a       id integer generated by default as identity (start with 1),\u000d\u000a        data timestamp,\u000d\u000a        descricao varchar(255),\u000d\u000a        tipo varchar(255),\u000d\u000a        valor numeric(19,2),\u000d\u000a        conta_id integer,\u000d\u000a        primary key (id)\u000d\u000a    )
\u000d\u000a    create table Movimentacao_Categoria (\u000d\u000a       Movimentacao_id integer not null,\u000d\u000a        categoria_id integer not null\u000d\u000a    )
\u000d\u000a    alter table Movimentacao \u000d\u000a       add constraint FKthcy44mjtg87orpl9a3nfso7b \u000d\u000a       foreign key (conta_id) \u000d\u000a       references Conta
\u000d\u000a    alter table Movimentacao_Categoria \u000d\u000a       add constraint FK9qjlgh7a96gx1ks359va1na9a \u000d\u000a       foreign key (categoria_id) \u000d\u000a       references Categoria
\u000d\u000a    alter table Movimentacao_Categoria \u000d\u000a       add constraint FK8c4hm7qt4jdk4xcglplf5dyy7 \u000d\u000a       foreign key (Movimentacao_id) \u000d\u000a       references Movimentacao
INSERT INTO CONTA VALUES(1,35,234567,'Kleb\u00e3o')
INSERT INTO CONTA VALUES(2,231,4556,'Gustavo Bossolani')
COMMIT
DISCONNECT
/*C73*/SET SCHEMA PUBLIC
\u000d\u000a    drop table if exists Categoria CASCADE 
\u000d\u000a    drop table if exists Conta CASCADE 
\u000d\u000a    drop table if exists Movimentacao CASCADE 
\u000d\u000a    drop table if exists Movimentacao_Categoria CASCADE 
\u000d\u000a    create table Categoria (\u000d\u000a       id integer generated by default as identity (start with 1),\u000d\u000a        nome varchar(255),\u000d\u000a        primary key (id)\u000d\u000a    )
\u000d\u000a    create table Conta (\u000d\u000a       id integer generated by default as identity (start with 1),\u000d\u000a        agencia integer not null,\u000d\u000a        numero integer not null,\u000d\u000a        titular varchar(255),\u000d\u000a        primary key (id)\u000d\u000a    )
\u000d\u000a    create table Movimentacao (\u000d\u000a       id integer generated by default as identity (start with 1),\u000d\u000a        data timestamp,\u000d\u000a        descricao varchar(255),\u000d\u000a        tipo varchar(255),\u000d\u000a        valor numeric(19,2),\u000d\u000a        conta_id integer,\u000d\u000a        primary key (id)\u000d\u000a    )
\u000d\u000a    create table Movimentacao_Categoria (\u000d\u000a       Movimentacao_id integer not null,\u000d\u000a        categoria_id integer not null\u000d\u000a    )
\u000d\u000a    alter table Movimentacao \u000d\u000a       add constraint FKthcy44mjtg87orpl9a3nfso7b \u000d\u000a       foreign key (conta_id) \u000d\u000a       references Conta
\u000d\u000a    alter table Movimentacao_Categoria \u000d\u000a       add constraint FK9qjlgh7a96gx1ks359va1na9a \u000d\u000a       foreign key (categoria_id) \u000d\u000a       references Categoria
\u000d\u000a    alter table Movimentacao_Categoria \u000d\u000a       add constraint FK8c4hm7qt4jdk4xcglplf5dyy7 \u000d\u000a       foreign key (Movimentacao_id) \u000d\u000a       references Movimentacao
INSERT INTO CATEGORIA VALUES(1,'Estudo')
INSERT INTO CATEGORIA VALUES(2,'Hardware')
INSERT INTO MOVIMENTACAO VALUES(1,'2019-11-12 16:51:56.931000','Compra - Macbook Air PRO','SAIDA',4500.00,NULL)
INSERT INTO MOVIMENTACAO VALUES(2,'2019-11-12 16:51:56.962000','Viagem Canad\u00e1','SAIDA',8000.00,NULL)
INSERT INTO MOVIMENTACAO_CATEGORIA VALUES(1,1)
INSERT INTO MOVIMENTACAO_CATEGORIA VALUES(1,2)
INSERT INTO MOVIMENTACAO_CATEGORIA VALUES(1,2)
INSERT INTO MOVIMENTACAO_CATEGORIA VALUES(2,2)
COMMIT
DISCONNECT
/*C74*/SET SCHEMA PUBLIC
INSERT INTO CONTA VALUES(1,35,234567,'Kleb\u00e3o')
INSERT INTO CONTA VALUES(2,231,4556,'Gustavo Bossolani')
COMMIT
DISCONNECT
/*C75*/SET SCHEMA PUBLIC
INSERT INTO CATEGORIA VALUES(3,'Estudo')
INSERT INTO CATEGORIA VALUES(4,'Hardware')
INSERT INTO MOVIMENTACAO VALUES(3,'2019-11-12 16:52:39.069000','Compra - Macbook Air PRO','SAIDA',4500.00,NULL)
INSERT INTO MOVIMENTACAO VALUES(4,'2019-11-12 16:52:39.100000','Viagem Canad\u00e1','SAIDA',8000.00,NULL)
INSERT INTO MOVIMENTACAO_CATEGORIA VALUES(3,3)
INSERT INTO MOVIMENTACAO_CATEGORIA VALUES(3,4)
INSERT INTO MOVIMENTACAO_CATEGORIA VALUES(3,2)
INSERT INTO MOVIMENTACAO_CATEGORIA VALUES(4,2)
COMMIT
DISCONNECT
/*C76*/SET SCHEMA PUBLIC
\u000d\u000a    drop table if exists Categoria CASCADE 
\u000d\u000a    drop table if exists Conta CASCADE 
\u000d\u000a    drop table if exists Movimentacao CASCADE 
\u000d\u000a    drop table if exists Movimentacao_Categoria CASCADE 
\u000d\u000a    create table Categoria (\u000d\u000a       id integer generated by default as identity (start with 1),\u000d\u000a        nome varchar(255),\u000d\u000a        primary key (id)\u000d\u000a    )
\u000d\u000a    create table Conta (\u000d\u000a       id integer generated by default as identity (start with 1),\u000d\u000a        agencia integer not null,\u000d\u000a        numero integer not null,\u000d\u000a        titular varchar(255),\u000d\u000a        primary key (id)\u000d\u000a    )
\u000d\u000a    create table Movimentacao (\u000d\u000a       id integer generated by default as identity (start with 1),\u000d\u000a        data timestamp,\u000d\u000a        descricao varchar(255),\u000d\u000a        tipo varchar(255),\u000d\u000a        valor numeric(19,2),\u000d\u000a        conta_id integer,\u000d\u000a        primary key (id)\u000d\u000a    )
\u000d\u000a    create table Movimentacao_Categoria (\u000d\u000a       Movimentacao_id integer not null,\u000d\u000a        categoria_id integer not null\u000d\u000a    )
\u000d\u000a    alter table Movimentacao \u000d\u000a       add constraint FKthcy44mjtg87orpl9a3nfso7b \u000d\u000a       foreign key (conta_id) \u000d\u000a       references Conta
\u000d\u000a    alter table Movimentacao_Categoria \u000d\u000a       add constraint FK9qjlgh7a96gx1ks359va1na9a \u000d\u000a       foreign key (categoria_id) \u000d\u000a       references Categoria
\u000d\u000a    alter table Movimentacao_Categoria \u000d\u000a       add constraint FK8c4hm7qt4jdk4xcglplf5dyy7 \u000d\u000a       foreign key (Movimentacao_id) \u000d\u000a       references Movimentacao
INSERT INTO CONTA VALUES(1,35,234567,'Kleb\u00e3o')
INSERT INTO CONTA VALUES(2,231,4556,'Gustavo Bossolani')
COMMIT
DISCONNECT
/*C77*/SET SCHEMA PUBLIC
INSERT INTO CATEGORIA VALUES(1,'Estudo')
INSERT INTO CATEGORIA VALUES(2,'Hardware')
INSERT INTO MOVIMENTACAO VALUES(1,'2019-11-12 16:53:22.150000','Compra - Macbook Air PRO','SAIDA',4500.00,NULL)
INSERT INTO MOVIMENTACAO VALUES(2,'2019-11-12 16:53:22.182000','Viagem Canad\u00e1','SAIDA',8000.00,NULL)
INSERT INTO MOVIMENTACAO_CATEGORIA VALUES(1,1)
INSERT INTO MOVIMENTACAO_CATEGORIA VALUES(1,2)
INSERT INTO MOVIMENTACAO_CATEGORIA VALUES(1,2)
INSERT INTO MOVIMENTACAO_CATEGORIA VALUES(2,2)
COMMIT
DISCONNECT
/*C78*/SET SCHEMA PUBLIC
INSERT INTO CATEGORIA VALUES(3,'Contas')
INSERT INTO CATEGORIA VALUES(4,'Viagem')
INSERT INTO CATEGORIA VALUES(5,'Mensalidade')
INSERT INTO CATEGORIA VALUES(6,'Neg\u00f3cios')
INSERT INTO CATEGORIA VALUES(7,'Restaurante')
INSERT INTO MOVIMENTACAO VALUES(3,'2019-11-12 16:54:05.045000','Conta de luz - ABRIL/2019','SAIDA',135.00,1)
INSERT INTO MOVIMENTACAO VALUES(4,'2019-11-12 16:54:05.060000','Almoco no Restaurante - AGOSTO/2012','SAIDA',175.80,1)
INSERT INTO MOVIMENTACAO VALUES(5,'2019-11-12 16:54:05.076000','Viagem - ABRIL/2020','SAIDA',135.00,2)
INSERT INTO MOVIMENTACAO VALUES(6,'2019-11-12 16:54:05.076000','Almoco no Restaurante - AGOSTO/2012','SAIDA',175.80,2)
INSERT INTO MOVIMENTACAO VALUES(7,'2019-11-12 16:54:05.076000','Aluguel - MAIO/2012','ENTRADA',680.00,2)
INSERT INTO MOVIMENTACAO_CATEGORIA VALUES(3,3)
INSERT INTO MOVIMENTACAO_CATEGORIA VALUES(4,7)
INSERT INTO MOVIMENTACAO_CATEGORIA VALUES(4,6)
INSERT INTO MOVIMENTACAO_CATEGORIA VALUES(5,4)
INSERT INTO MOVIMENTACAO_CATEGORIA VALUES(5,6)
INSERT INTO MOVIMENTACAO_CATEGORIA VALUES(6,7)
INSERT INTO MOVIMENTACAO_CATEGORIA VALUES(6,6)
INSERT INTO MOVIMENTACAO_CATEGORIA VALUES(7,5)
COMMIT
DISCONNECT
/*C79*/SET SCHEMA PUBLIC
DISCONNECT
/*C80*/SET SCHEMA PUBLIC
DISCONNECT
/*C81*/SET SCHEMA PUBLIC
DISCONNECT
/*C82*/SET SCHEMA PUBLIC
INSERT INTO CATEGORIA VALUES(8,'Estudo')
INSERT INTO CATEGORIA VALUES(9,'Hardware')
INSERT INTO MOVIMENTACAO VALUES(8,'2019-11-12 16:57:05.808000','Compra - Macbook Air PRO','SAIDA',4500.00,NULL)
INSERT INTO MOVIMENTACAO VALUES(9,'2019-11-12 16:57:05.824000','Viagem Canad\u00e1','SAIDA',8000.00,NULL)
INSERT INTO MOVIMENTACAO_CATEGORIA VALUES(8,8)
INSERT INTO MOVIMENTACAO_CATEGORIA VALUES(8,9)
INSERT INTO MOVIMENTACAO_CATEGORIA VALUES(8,2)
INSERT INTO MOVIMENTACAO_CATEGORIA VALUES(9,2)
COMMIT
DISCONNECT
/*C83*/SET SCHEMA PUBLIC
INSERT INTO CATEGORIA VALUES(10,'Estudo')
INSERT INTO CATEGORIA VALUES(11,'Hardware')
INSERT INTO MOVIMENTACAO VALUES(10,'2019-11-12 16:57:45.167000','Compra - Macbook Air PRO','SAIDA',4500.00,NULL)
INSERT INTO MOVIMENTACAO VALUES(11,'2019-11-12 16:57:45.183000','Viagem Canad\u00e1','SAIDA',8000.00,NULL)
INSERT INTO MOVIMENTACAO_CATEGORIA VALUES(10,10)
INSERT INTO MOVIMENTACAO_CATEGORIA VALUES(10,11)
INSERT INTO MOVIMENTACAO_CATEGORIA VALUES(10,1)
INSERT INTO MOVIMENTACAO_CATEGORIA VALUES(11,1)
COMMIT
DISCONNECT
/*C84*/SET SCHEMA PUBLIC
DISCONNECT
/*C85*/SET SCHEMA PUBLIC
DISCONNECT
/*C86*/SET SCHEMA PUBLIC
DISCONNECT
/*C87*/SET SCHEMA PUBLIC
DISCONNECT
/*C88*/SET SCHEMA PUBLIC
DISCONNECT
/*C89*/SET SCHEMA PUBLIC
DISCONNECT
/*C90*/SET SCHEMA PUBLIC
DISCONNECT
/*C91*/SET SCHEMA PUBLIC
DISCONNECT
/*C92*/SET SCHEMA PUBLIC
DISCONNECT
/*C93*/SET SCHEMA PUBLIC
DISCONNECT
/*C50*/SET SCHEMA PUBLIC
DISCONNECT
